<?xml version="1.0" encoding="UTF-8"?>
<testsuites name="Mocha Tests" time="1.968" tests="1" failures="0">
  <testsuite name="Root Suite" timestamp="2023-08-09T10:14:38" tests="0" file="cypress/e2e/todo_app/todo_smoke.cy.js" time="0.000" failures="0">
  </testsuite>
  <testsuite name="[smoke] Todo app list" timestamp="2023-08-09T10:14:38" tests="1" time="1.948" failures="0">
    <testcase name="[smoke] Todo app list displays two todo items by default" time="0.527" classname="displays two todo items by default">
    </testcase>
  </testsuite>
</testsuites>